[02:46:52] [Server thread/INFO]: Starting minecraft server version 1.12.2
[02:46:52] [Server thread/INFO]: Loading properties
[02:46:52] [Server thread/INFO]: Default game type: SURVIVAL
[02:46:52] [Server thread/INFO]: This server is running CraftBukkit version git-Spigot-dcd1643-e60fc34 (MC: 1.12.2) (Implementing API version 1.12.2-R0.1-SNAPSHOT)
[02:46:52] [Server thread/INFO]: Debug logging is disabled
[02:46:52] [Server thread/INFO]: Server Ping Player Sample Count: 12
[02:46:52] [Server thread/INFO]: Using 4 threads for Netty based IO
[02:46:52] [Server thread/INFO]: Generating keypair
[02:46:53] [Server thread/INFO]: Starting Minecraft server on *:25566
[02:46:53] [Server thread/INFO]: Using default channel type
[02:46:55] [Server thread/INFO]: Set PluginClassLoader as parallel capable
[02:46:55] [Server thread/INFO]: [LuckPerms] Loading LuckPerms v5.0.72
[02:47:02] [Server thread/INFO]: [Essentials] Loading Essentials v2.17.2.0
[02:47:02] [Server thread/INFO]: [EssentialsSpawn] Loading EssentialsSpawn v2.17.2.0
[02:47:02] [Server thread/INFO]: [EssentialsChat] Loading EssentialsChat v2.17.2.0
[02:47:02] [Server thread/INFO]: [LuckPerms] Enabling LuckPerms v5.0.72
[02:47:02] [Server thread/INFO]: [0;36;1m       [0;36;22m __    [m
[02:47:02] [Server thread/INFO]: [0;36;1m  |    [0;36;22m|__)   [0;32;22mLuckPerms [0;36;1mv5.0.72[m
[02:47:02] [Server thread/INFO]: [0;36;1m  |___ [0;36;22m|      [0;30;1mRunning on Bukkit - CraftBukkit[m
[02:47:02] [Server thread/INFO]: [m
[02:47:03] [Server thread/INFO]: [LuckPerms] Loading configuration...
[02:47:04] [Server thread/INFO]: [LuckPerms] Loading storage provider... [H2]
[02:47:05] [Server thread/INFO]: [LuckPerms] Loading internal permission managers...
[02:47:05] [Server thread/INFO]: [LuckPerms] Performing initial data load...
[02:47:06] [Server thread/INFO]: [LuckPerms] Successfully enabled. (took 3286ms)
[02:47:06] [Server thread/WARN]: **** SERVER IS RUNNING IN OFFLINE/INSECURE MODE!
[02:47:06] [Server thread/WARN]: The server will make no attempt to authenticate usernames. Beware.
[02:47:06] [Server thread/WARN]: While this makes the game possible to play without internet access, it also opens up the ability for hackers to connect with any username they choose.
[02:47:06] [Server thread/WARN]: To change this, set "online-mode" to "true" in the server.properties file.
[02:47:06] [Server thread/INFO]: **** Beginning UUID conversion, this may take A LONG time ****
[02:47:06] [Server thread/INFO]: Preparing level "world"
[02:47:06] [Server thread/INFO]: -------- World Settings For [world] --------
[02:47:06] [Server thread/INFO]: Allow Zombie Pigmen to spawn from portal blocks: true
[02:47:06] [Server thread/INFO]: Arrow Despawn Rate: 1200
[02:47:06] [Server thread/INFO]: View Distance: 10
[02:47:06] [Server thread/INFO]: Item Merge Radius: 3.0
[02:47:06] [Server thread/INFO]: Item Despawn Rate: 4000
[02:47:06] [Server thread/INFO]: Experience Merge Radius: 3.0
[02:47:06] [Server thread/INFO]: Nerfing mobs spawned from spawners: false
[02:47:06] [Server thread/INFO]: Zombie Aggressive Towards Villager: true
[02:47:06] [Server thread/INFO]: Cactus Growth Modifier: 100%
[02:47:06] [Server thread/INFO]: Cane Growth Modifier: 100%
[02:47:06] [Server thread/INFO]: Melon Growth Modifier: 100%
[02:47:06] [Server thread/INFO]: Mushroom Growth Modifier: 100%
[02:47:06] [Server thread/INFO]: Pumpkin Growth Modifier: 100%
[02:47:06] [Server thread/INFO]: Sapling Growth Modifier: 100%
[02:47:06] [Server thread/INFO]: Wheat Growth Modifier: 100%
[02:47:06] [Server thread/INFO]: NetherWart Growth Modifier: 100%
[02:47:06] [Server thread/INFO]: Vine Growth Modifier: 100%
[02:47:06] [Server thread/INFO]: Cocoa Growth Modifier: 100%
[02:47:06] [Server thread/INFO]: Entity Activation Range: An 32 / Mo 32 / Mi 16 / Tiv true
[02:47:06] [Server thread/INFO]: Entity Tracking Range: Pl 48 / An 48 / Mo 48 / Mi 32 / Other 64
[02:47:06] [Server thread/INFO]: Hopper Transfer: 8 Hopper Check: 1 Hopper Amount: 1
[02:47:06] [Server thread/INFO]: Random Lighting Updates: false
[02:47:06] [Server thread/INFO]: Structure Info Saving: true
[02:47:06] [Server thread/INFO]: Mob Spawn Range: 4
[02:47:06] [Server thread/INFO]: Max TNT Explosions: 100
[02:47:06] [Server thread/INFO]: Tile Max Tick Time: 50ms Entity max Tick Time: 50ms
[02:47:06] [Server thread/INFO]: Custom Map Seeds:  Village: 10387312 Feature: 14357617 Monument: 10387313 Slime: 987234911
[02:47:07] [Server thread/INFO]: -------- World Settings For [world_nether] --------
[02:47:07] [Server thread/INFO]: Allow Zombie Pigmen to spawn from portal blocks: true
[02:47:07] [Server thread/INFO]: Arrow Despawn Rate: 1200
[02:47:07] [Server thread/INFO]: View Distance: 10
[02:47:07] [Server thread/INFO]: Item Merge Radius: 3.0
[02:47:07] [Server thread/INFO]: Item Despawn Rate: 4000
[02:47:07] [Server thread/INFO]: Experience Merge Radius: 3.0
[02:47:07] [Server thread/INFO]: Nerfing mobs spawned from spawners: false
[02:47:07] [Server thread/INFO]: Zombie Aggressive Towards Villager: true
[02:47:07] [Server thread/INFO]: Cactus Growth Modifier: 100%
[02:47:07] [Server thread/INFO]: Cane Growth Modifier: 100%
[02:47:07] [Server thread/INFO]: Melon Growth Modifier: 100%
[02:47:07] [Server thread/INFO]: Mushroom Growth Modifier: 100%
[02:47:07] [Server thread/INFO]: Pumpkin Growth Modifier: 100%
[02:47:07] [Server thread/INFO]: Sapling Growth Modifier: 100%
[02:47:07] [Server thread/INFO]: Wheat Growth Modifier: 100%
[02:47:07] [Server thread/INFO]: NetherWart Growth Modifier: 100%
[02:47:07] [Server thread/INFO]: Vine Growth Modifier: 100%
[02:47:07] [Server thread/INFO]: Cocoa Growth Modifier: 100%
[02:47:07] [Server thread/INFO]: Entity Activation Range: An 32 / Mo 32 / Mi 16 / Tiv true
[02:47:07] [Server thread/INFO]: Entity Tracking Range: Pl 48 / An 48 / Mo 48 / Mi 32 / Other 64
[02:47:07] [Server thread/INFO]: Hopper Transfer: 8 Hopper Check: 1 Hopper Amount: 1
[02:47:07] [Server thread/INFO]: Random Lighting Updates: false
[02:47:07] [Server thread/INFO]: Structure Info Saving: true
[02:47:07] [Server thread/INFO]: Mob Spawn Range: 4
[02:47:07] [Server thread/INFO]: Max TNT Explosions: 100
[02:47:07] [Server thread/INFO]: Tile Max Tick Time: 50ms Entity max Tick Time: 50ms
[02:47:07] [Server thread/INFO]: Custom Map Seeds:  Village: 10387312 Feature: 14357617 Monument: 10387313 Slime: 987234911
[02:47:08] [Server thread/INFO]: -------- World Settings For [world_the_end] --------
[02:47:08] [Server thread/INFO]: Allow Zombie Pigmen to spawn from portal blocks: true
[02:47:08] [Server thread/INFO]: Arrow Despawn Rate: 1200
[02:47:08] [Server thread/INFO]: View Distance: 10
[02:47:08] [Server thread/INFO]: Item Merge Radius: 3.0
[02:47:08] [Server thread/INFO]: Item Despawn Rate: 4000
[02:47:08] [Server thread/INFO]: Experience Merge Radius: 3.0
[02:47:08] [Server thread/INFO]: Nerfing mobs spawned from spawners: false
[02:47:08] [Server thread/INFO]: Zombie Aggressive Towards Villager: true
[02:47:08] [Server thread/INFO]: Cactus Growth Modifier: 100%
[02:47:08] [Server thread/INFO]: Cane Growth Modifier: 100%
[02:47:08] [Server thread/INFO]: Melon Growth Modifier: 100%
[02:47:08] [Server thread/INFO]: Mushroom Growth Modifier: 100%
[02:47:08] [Server thread/INFO]: Pumpkin Growth Modifier: 100%
[02:47:08] [Server thread/INFO]: Sapling Growth Modifier: 100%
[02:47:08] [Server thread/INFO]: Wheat Growth Modifier: 100%
[02:47:08] [Server thread/INFO]: NetherWart Growth Modifier: 100%
[02:47:08] [Server thread/INFO]: Vine Growth Modifier: 100%
[02:47:08] [Server thread/INFO]: Cocoa Growth Modifier: 100%
[02:47:08] [Server thread/INFO]: Entity Activation Range: An 32 / Mo 32 / Mi 16 / Tiv true
[02:47:08] [Server thread/INFO]: Entity Tracking Range: Pl 48 / An 48 / Mo 48 / Mi 32 / Other 64
[02:47:08] [Server thread/INFO]: Hopper Transfer: 8 Hopper Check: 1 Hopper Amount: 1
[02:47:08] [Server thread/INFO]: Random Lighting Updates: false
[02:47:08] [Server thread/INFO]: Structure Info Saving: true
[02:47:08] [Server thread/INFO]: Mob Spawn Range: 4
[02:47:08] [Server thread/INFO]: Max TNT Explosions: 100
[02:47:08] [Server thread/INFO]: Tile Max Tick Time: 50ms Entity max Tick Time: 50ms
[02:47:08] [Server thread/INFO]: Custom Map Seeds:  Village: 10387312 Feature: 14357617 Monument: 10387313 Slime: 987234911
[02:47:08] [Server thread/INFO]: Preparing start region for level 0 (Seed: 4438339823356353719)
[02:47:09] [Server thread/INFO]: Preparing spawn area: 0%
[02:47:10] [Server thread/INFO]: Preparing spawn area: 35%
[02:47:11] [Server thread/INFO]: Preparing spawn area: 50%
[02:47:12] [Server thread/INFO]: Preparing spawn area: 72%
[02:47:13] [Server thread/INFO]: Preparing spawn area: 89%
[02:47:14] [Server thread/INFO]: Preparing start region for level 1 (Seed: 4438339823356353719)
[02:47:15] [Server thread/INFO]: Preparing spawn area: 57%
[02:47:15] [Server thread/INFO]: Preparing start region for level 2 (Seed: 4438339823356353719)
[02:47:15] [Server thread/INFO]: [Essentials] Enabling Essentials v2.17.2.0
[02:47:15] [Server thread/INFO]: Creating config from template: c:\Development\Lysium\Auth\plugins\Essentials\config.yml
[02:47:16] [Server thread/INFO]: Creating config from template: c:\Development\Lysium\Auth\plugins\Essentials\kits.yml
[02:47:16] [Server thread/INFO]: Attempting to convert old kits in config.yml to new kits.yml
[02:47:16] [Server thread/INFO]: No kits found to migrate.
[02:47:16] [Server thread/INFO]: [Essentials] Starting Essentials ban format conversion
[02:47:16] [Server thread/INFO]: [Essentials] Starting usermap repair
[02:47:16] [Server thread/WARN]: [Essentials] Missing userdata folder, aborting
[02:47:16] [pool-8-thread-1/INFO]: Creating empty config: c:\Development\Lysium\Auth\plugins\Essentials\upgrades-done.yml
[02:47:16] [Server thread/INFO]: Creating config from template: c:\Development\Lysium\Auth\plugins\Essentials\worth.yml
[02:47:16] [Server thread/INFO]: [Essentials] Using legacy item data provider as mob spawner provider.
[02:47:17] [Server thread/INFO]: [Essentials] Using Reflection based provider as spawn egg provider.
[02:47:17] [Server thread/INFO]: [Essentials] Using 1.9+ BasePotionData provider as potion meta provider.
[02:47:17] [Server thread/INFO]: Loaded 852 items from items.csv.
[02:47:17] [Server thread/INFO]: Creating config from template: c:\Development\Lysium\Auth\plugins\Essentials\custom_items.yml
[02:47:17] [Server thread/INFO]: Using locale ru_RU
[02:47:17] [Server thread/INFO]: [Essentials] ServerListPingEvent: Spigot iterator API
[02:47:17] [Server thread/INFO]: [Essentials] Starting Metrics. Opt-out using the global bStats config.
[02:47:17] [Server thread/WARN]: [Essentials] Detected supported permissions plugin LuckPerms without Vault installed.
[02:47:17] [Server thread/WARN]: [Essentials] Features such as chat prefixes/suffixes and group-related functionality will not work until you install Vault.
[02:47:17] [Server thread/INFO]: [Essentials] Using superperms-based permissions.
[02:47:17] [Server thread/INFO]: [EssentialsSpawn] Enabling EssentialsSpawn v2.17.2.0
[02:47:17] [Server thread/INFO]: [EssentialsChat] Enabling EssentialsChat v2.17.2.0
[02:47:17] [Server thread/INFO]: Server permissions file permissions.yml is empty, ignoring it
[02:47:18] [Server thread/INFO]: Done (11,860s)! For help, type "help" or "?"
[02:47:18] [Server thread/INFO]: Starting remote control listener
[02:47:18] [RCON Listener #1/INFO]: RCON running on 0.0.0.0:25576
[02:48:13] [Server thread/INFO]: Stopping the server
[02:48:13] [Server thread/INFO]: Stopping server
[02:48:13] [Server thread/INFO]: [EssentialsChat] Disabling EssentialsChat v2.17.2.0
[02:48:13] [Server thread/INFO]: [EssentialsSpawn] Disabling EssentialsSpawn v2.17.2.0
[02:48:13] [Server thread/INFO]: [Essentials] Disabling Essentials v2.17.2.0
[02:48:13] [Server thread/INFO]: [LuckPerms] Disabling LuckPerms v5.0.72
[02:48:13] [Server thread/INFO]: [LuckPerms] Starting shutdown process...
[02:48:13] [Server thread/INFO]: [LuckPerms] Closing storage...
[02:48:13] [Server thread/INFO]: [LuckPerms] Goodbye!
[02:48:13] [Server thread/INFO]: Saving players
[02:48:13] [Server thread/INFO]: Saving worlds
[02:48:13] [Server thread/INFO]: Saving chunks for level 'world'/overworld
[02:48:14] [Server thread/INFO]: Saving chunks for level 'world_nether'/the_nether
[02:48:14] [Server thread/INFO]: Saving chunks for level 'world_the_end'/the_end
